<?xml version="1.0" encoding="UTF-8"?>
<!-- Generated by org.testng.reporters.JUnitXMLReporter -->
<testsuite hostname="LAPTOP-AJ30BQVK" ignored="14" name="TicketLake - Test Automation" tests="5" failures="2" timestamp="2022-01-05T19:14:18 PKT" time="6.059" errors="0">
  <testcase name="verifyListUsersResStatus" time="0.004" classname="test.Get_Demo"/>
  <testcase name="verifyListUsersResTime" time="0.063" classname="test.Get_Demo">
    <skipped/>
  </testcase> <!-- verifyListUsersResTime -->
  <testcase name="verifyListUsersResTime" time="0.005" classname="test.Get_Demo">
    <skipped/>
  </testcase> <!-- verifyListUsersResTime -->
  <testcase name="verifyListUsersResTime" time="0.003" classname="test.Get_Demo">
    <failure type="java.lang.AssertionError" message="1 expectation failed.
Expected response time was not a value less than &amp;lt;1000L&amp;gt; milliseconds, was 1042 milliseconds (1042 milliseconds).">
      <![CDATA[java.lang.AssertionError: 1 expectation failed.
Expected response time was not a value less than <1000L> milliseconds, was 1042 milliseconds (1042 milliseconds).
at org.codehaus.groovy.runtime.callsite.ConstructorSite$ConstructorSiteNoUnwrap.callConstructor(ConstructorSite.java:84)
at org.codehaus.groovy.runtime.callsite.AbstractCallSite.callConstructor(AbstractCallSite.java:277)
at io.restassured.internal.ResponseSpecificationImpl$HamcrestAssertionClosure.validate(ResponseSpecificationImpl.groovy:493)
at io.restassured.internal.ResponseSpecificationImpl$HamcrestAssertionClosure$validate$1.call(Unknown Source)
at io.restassured.internal.ResponseSpecificationImpl.validateResponseIfRequired(ResponseSpecificationImpl.groovy:674)
at org.codehaus.groovy.runtime.callsite.PlainObjectMetaMethodSite.doInvoke(PlainObjectMetaMethodSite.java:43)
at org.codehaus.groovy.runtime.callsite.PogoMetaMethodSite$PogoCachedMethodSiteNoUnwrapNoCoerce.invoke(PogoMetaMethodSite.java:193)
at org.codehaus.groovy.runtime.callsite.PogoMetaMethodSite.callCurrent(PogoMetaMethodSite.java:61)
at org.codehaus.groovy.runtime.callsite.AbstractCallSite.callCurrent(AbstractCallSite.java:185)
at io.restassured.internal.ResponseSpecificationImpl.time(ResponseSpecificationImpl.groovy:118)
at io.restassured.internal.ValidatableResponseOptionsImpl.time(ValidatableResponseOptionsImpl.java:409)
at io.restassured.internal.ValidatableResponseImpl.super$2$time(ValidatableResponseImpl.groovy)
at groovy.lang.MetaMethod.doMethodInvoke(MetaMethod.java:323)
at groovy.lang.MetaClassImpl.invokeMethod(MetaClassImpl.java:1268)
at org.codehaus.groovy.runtime.ScriptBytecodeAdapter.invokeMethodOnSuperN(ScriptBytecodeAdapter.java:144)
at io.restassured.internal.ValidatableResponseImpl.time(ValidatableResponseImpl.groovy:58)
at io.restassured.internal.ValidatableResponseImpl.time(ValidatableResponseImpl.groovy)
at io.restassured.internal.ValidatableResponseOptionsImpl.time(ValidatableResponseOptionsImpl.java:405)
at io.restassured.internal.ValidatableResponseImpl.super$2$time(ValidatableResponseImpl.groovy)
at groovy.lang.MetaMethod.doMethodInvoke(MetaMethod.java:323)
at groovy.lang.MetaClassImpl.invokeMethod(MetaClassImpl.java:1268)
at org.codehaus.groovy.runtime.ScriptBytecodeAdapter.invokeMethodOnSuperN(ScriptBytecodeAdapter.java:144)
at io.restassured.internal.ValidatableResponseImpl.time(ValidatableResponseImpl.groovy:52)
at io.restassured.internal.ValidatableResponseImpl.time(ValidatableResponseImpl.groovy)
at test.Get_Demo.verifyListUsersResTime(Get_Demo.java:39)
at java.util.ArrayList.forEach(ArrayList.java:1257)
... Removed 56 stack frames]]>
    </failure>
  </testcase> <!-- verifyListUsersResTime -->
  <testcase name="verifyListUsersResTime" time="1.157" classname="test.Get_Demo">
    <failure type="java.lang.NullPointerException">
      <![CDATA[java.lang.NullPointerException
at main.utils.CommonMethods.TakeScreenshot(CommonMethods.java:99)
at main.utils.SuiteListener.onTestFailure(SuiteListener.java:24)
at java.util.ArrayList.forEach(ArrayList.java:1257)
... Removed 33 stack frames]]>
    </failure>
  </testcase> <!-- verifyListUsersResTime -->
  <testcase name="@BeforeTest beforeTestMethod" time="0.0" classname="test.Get_Demo">
    <ignored/>
  </testcase> <!-- @BeforeTest beforeTestMethod -->
  <testcase name="verifyPassword_SignUp" time="0.0" classname="test.DemoTest">
    <ignored/>
  </testcase> <!-- verifyPassword_SignUp -->
  <testcase name="verifySignUpBtn_LogIn" time="0.0" classname="test.DemoTest">
    <ignored/>
  </testcase> <!-- verifySignUpBtn_LogIn -->
  <testcase name="verifyLogInBtn_SignUp" time="0.0" classname="test.DemoTest">
    <ignored/>
  </testcase> <!-- verifyLogInBtn_SignUp -->
  <testcase name="verifyNoAccountText" time="0.0" classname="test.DemoTest">
    <ignored/>
  </testcase> <!-- verifyNoAccountText -->
  <testcase name="verifyHaveAccountText" time="0.0" classname="test.DemoTest">
    <ignored/>
  </testcase> <!-- verifyHaveAccountText -->
  <testcase name="verifyFullName_SignUp" time="0.0" classname="test.DemoTest">
    <ignored/>
  </testcase> <!-- verifyFullName_SignUp -->
  <testcase name="verifyPassword_LogIn" time="0.0" classname="test.DemoTest">
    <ignored/>
  </testcase> <!-- verifyPassword_LogIn -->
  <testcase name="verifyUserName_SignUp" time="0.0" classname="test.DemoTest">
    <ignored/>
  </testcase> <!-- verifyUserName_SignUp -->
  <testcase name="verifyEmail_SignUp" time="0.0" classname="test.DemoTest">
    <ignored/>
  </testcase> <!-- verifyEmail_SignUp -->
  <testcase name="verifyLogInFunctionality" time="0.0" classname="test.DemoTest">
    <ignored/>
  </testcase> <!-- verifyLogInFunctionality -->
  <testcase name="verifySignUpFunctionality" time="0.0" classname="test.DemoTest">
    <ignored/>
  </testcase> <!-- verifySignUpFunctionality -->
  <testcase name="@AfterTest afterTestMethod" time="0.0" classname="test.BaseTest">
    <ignored/>
  </testcase> <!-- @AfterTest afterTestMethod -->
  <testcase name="verifyUserName_LogIn" time="0.0" classname="test.DemoTest">
    <ignored/>
  </testcase> <!-- verifyUserName_LogIn -->
</testsuite> <!-- TicketLake - Test Automation -->
